<?xml version="1.0" encoding="UTF-8"?>
<testsuite xmlns:xsi="http://www.w3.org/2001/XMLSchema-instance" xsi:noNamespaceSchemaLocation="https://maven.apache.org/surefire/maven-surefire-plugin/xsd/surefire-test-report.xsd" name="com.chornobuk.web.model.MovieSessionQueryConstructorTest" time="0.001" tests="11" errors="0" skipped="0" failures="0">
  <properties>
[...]
</properties>
  <testcase name="getWhereWithFilmFilter" classname="com.chornobuk.web.model.MovieSessionQueryConstructorTest" time="0"/>
  <testcase name="gerOrderByWithOneSortingField" classname="com.chornobuk.web.model.MovieSessionQueryConstructorTest" time="0"/>
  <testcase name="getOrderByWithWrongSorting" classname="com.chornobuk.web.model.MovieSessionQueryConstructorTest" time="0"/>
  <testcase name="queryWithFilter" classname="com.chornobuk.web.model.MovieSessionQueryConstructorTest" time="0"/>
  <testcase name="getWhereWithoutFilmFilter" classname="com.chornobuk.web.model.MovieSessionQueryConstructorTest" time="0"/>
  <testcase name="defaultQuery" classname="com.chornobuk.web.model.MovieSessionQueryConstructorTest" time="0"/>
  <testcase name="getOrderByWithThreeSortingFields" classname="com.chornobuk.web.model.MovieSessionQueryConstructorTest" time="0"/>
  <testcase name="getOrderByWithMixedSorting" classname="com.chornobuk.web.model.MovieSessionQueryConstructorTest" time="0"/>
  <testcase name="getOrderByWithAllDescendingSorting" classname="com.chornobuk.web.model.MovieSessionQueryConstructorTest" time="0"/>
  <testcase name="getOrderByWithoutSorting" classname="com.chornobuk.web.model.MovieSessionQueryConstructorTest" time="0"/>
  <testcase name="getOrderByWithTwoSortingFields" classname="com.chornobuk.web.model.MovieSessionQueryConstructorTest" time="0"/>
</testsuite>